<?xml version="1.0" encoding="UTF-8"?>
<testsuite name="com.thoughtworks.rectangle.RectangleTest" tests="3" skipped="0" failures="0" errors="0" timestamp="2024-01-04T05:45:07" hostname="gurushifu-gurushifugitp-mxvcyrivx91" time="0.023">
  <properties/>
  <testcase name="shouldHaveArea10for1x10()" classname="com.thoughtworks.rectangle.RectangleTest" time="0.016"/>
  <testcase name="shouldHaveArea16for4x4()" classname="com.thoughtworks.rectangle.RectangleTest" time="0.002"/>
  <testcase name="shouldHaveArea20for4x5()" classname="com.thoughtworks.rectangle.RectangleTest" time="0.001"/>
  <system-out><![CDATA[]]></system-out>
  <system-err><![CDATA[]]></system-err>
</testsuite>
